{"numTotalTestSuites":6,"numPassedTestSuites":0,"numFailedTestSuites":6,"numPendingTestSuites":0,"numTotalTests":18,"numPassedTests":1,"numFailedTests":17,"numPendingTests":0,"numTodoTests":0,"snapshot":{"added":0,"failure":false,"filesAdded":0,"filesRemoved":0,"filesRemovedList":[],"filesUnmatched":0,"filesUpdated":0,"matched":0,"total":0,"unchecked":0,"uncheckedKeysByFile":[],"unmatched":0,"updated":0,"didUpdate":false},"startTime":1756318380587,"success":false,"testResults":[{"assertionResults":[{"ancestorTitles":["Authentication System Validation","9.1 Personal Account Creation and Login"],"fullName":"Authentication System Validation 9.1 Personal Account Creation and Login should create personal account with all required fields","status":"failed","title":"should create personal account with all required fields","duration":379.67189999999937,"failureMessages":["AssertionError: expected false to be true // Object.is equality\n    at C:\\Users\\lycan-xx12\\workspace\\evault\\workspace\\src\\tests\\auth-validation.test.js:77:30\n    at processTicksAndRejections (node:internal/process/task_queues:95:5)\n    at file:///C:/Users/lycan-xx12/workspace/evault/workspace/node_modules/@vitest/runner/dist/index.js:533:5\n    at runTest (file:///C:/Users/lycan-xx12/workspace/evault/workspace/node_modules/@vitest/runner/dist/index.js:1056:11)\n    at runSuite (file:///C:/Users/lycan-xx12/workspace/evault/workspace/node_modules/@vitest/runner/dist/index.js:1205:15)\n    at runSuite (file:///C:/Users/lycan-xx12/workspace/evault/workspace/node_modules/@vitest/runner/dist/index.js:1205:15)\n    at runSuite (file:///C:/Users/lycan-xx12/workspace/evault/workspace/node_modules/@vitest/runner/dist/index.js:1205:15)\n    at runFiles (file:///C:/Users/lycan-xx12/workspace/evault/workspace/node_modules/@vitest/runner/dist/index.js:1262:5)\n    at startTests (file:///C:/Users/lycan-xx12/workspace/evault/workspace/node_modules/@vitest/runner/dist/index.js:1271:3)\n    at file:///C:/Users/lycan-xx12/workspace/evault/workspace/node_modules/vitest/dist/chunks/runBaseTests.3qpJUEJM.js:126:11"],"meta":{}},{"ancestorTitles":["Authentication System Validation","9.1 Personal Account Creation and Login"],"fullName":"Authentication System Validation 9.1 Personal Account Creation and Login should immediately authenticate user after personal account creation","status":"failed","title":"should immediately authenticate user after personal account creation","duration":75.0565000000006,"failureMessages":["AssertionError: expected false to be true // Object.is equality\n    at C:\\Users\\lycan-xx12\\workspace\\evault\\workspace\\src\\tests\\auth-validation.test.js:100:30\n    at processTicksAndRejections (node:internal/process/task_queues:95:5)\n    at file:///C:/Users/lycan-xx12/workspace/evault/workspace/node_modules/@vitest/runner/dist/index.js:533:5\n    at runTest (file:///C:/Users/lycan-xx12/workspace/evault/workspace/node_modules/@vitest/runner/dist/index.js:1056:11)\n    at runSuite (file:///C:/Users/lycan-xx12/workspace/evault/workspace/node_modules/@vitest/runner/dist/index.js:1205:15)\n    at runSuite (file:///C:/Users/lycan-xx12/workspace/evault/workspace/node_modules/@vitest/runner/dist/index.js:1205:15)\n    at runSuite (file:///C:/Users/lycan-xx12/workspace/evault/workspace/node_modules/@vitest/runner/dist/index.js:1205:15)\n    at runFiles (file:///C:/Users/lycan-xx12/workspace/evault/workspace/node_modules/@vitest/runner/dist/index.js:1262:5)\n    at startTests (file:///C:/Users/lycan-xx12/workspace/evault/workspace/node_modules/@vitest/runner/dist/index.js:1271:3)\n    at file:///C:/Users/lycan-xx12/workspace/evault/workspace/node_modules/vitest/dist/chunks/runBaseTests.3qpJUEJM.js:126:11"],"meta":{}},{"ancestorTitles":["Authentication System Validation","9.1 Personal Account Creation and Login"],"fullName":"Authentication System Validation 9.1 Personal Account Creation and Login should validate proper metadata storage for personal accounts","status":"failed","title":"should validate proper metadata storage for personal accounts","duration":90.78089999999975,"failureMessages":["AssertionError: expected false to be true // Object.is equality\n    at C:\\Users\\lycan-xx12\\workspace\\evault\\workspace\\src\\tests\\auth-validation.test.js:118:30\n    at processTicksAndRejections (node:internal/process/task_queues:95:5)\n    at file:///C:/Users/lycan-xx12/workspace/evault/workspace/node_modules/@vitest/runner/dist/index.js:533:5\n    at runTest (file:///C:/Users/lycan-xx12/workspace/evault/workspace/node_modules/@vitest/runner/dist/index.js:1056:11)\n    at runSuite (file:///C:/Users/lycan-xx12/workspace/evault/workspace/node_modules/@vitest/runner/dist/index.js:1205:15)\n    at runSuite (file:///C:/Users/lycan-xx12/workspace/evault/workspace/node_modules/@vitest/runner/dist/index.js:1205:15)\n    at runSuite (file:///C:/Users/lycan-xx12/workspace/evault/workspace/node_modules/@vitest/runner/dist/index.js:1205:15)\n    at runFiles (file:///C:/Users/lycan-xx12/workspace/evault/workspace/node_modules/@vitest/runner/dist/index.js:1262:5)\n    at startTests (file:///C:/Users/lycan-xx12/workspace/evault/workspace/node_modules/@vitest/runner/dist/index.js:1271:3)\n    at file:///C:/Users/lycan-xx12/workspace/evault/workspace/node_modules/vitest/dist/chunks/runBaseTests.3qpJUEJM.js:126:11"],"meta":{}},{"ancestorTitles":["Authentication System Validation","9.1 Personal Account Creation and Login"],"fullName":"Authentication System Validation 9.1 Personal Account Creation and Login should allow login with personal account credentials","status":"failed","title":"should allow login with personal account credentials","duration":142.28819999999905,"failureMessages":["AssertionError: expected false to be true // Object.is equality\n    at C:\\Users\\lycan-xx12\\workspace\\evault\\workspace\\src\\tests\\auth-validation.test.js:151:35\n    at processTicksAndRejections (node:internal/process/task_queues:95:5)\n    at file:///C:/Users/lycan-xx12/workspace/evault/workspace/node_modules/@vitest/runner/dist/index.js:533:5\n    at runTest (file:///C:/Users/lycan-xx12/workspace/evault/workspace/node_modules/@vitest/runner/dist/index.js:1056:11)\n    at runSuite (file:///C:/Users/lycan-xx12/workspace/evault/workspace/node_modules/@vitest/runner/dist/index.js:1205:15)\n    at runSuite (file:///C:/Users/lycan-xx12/workspace/evault/workspace/node_modules/@vitest/runner/dist/index.js:1205:15)\n    at runSuite (file:///C:/Users/lycan-xx12/workspace/evault/workspace/node_modules/@vitest/runner/dist/index.js:1205:15)\n    at runFiles (file:///C:/Users/lycan-xx12/workspace/evault/workspace/node_modules/@vitest/runner/dist/index.js:1262:5)\n    at startTests (file:///C:/Users/lycan-xx12/workspace/evault/workspace/node_modules/@vitest/runner/dist/index.js:1271:3)\n    at file:///C:/Users/lycan-xx12/workspace/evault/workspace/node_modules/vitest/dist/chunks/runBaseTests.3qpJUEJM.js:126:11"],"meta":{}},{"ancestorTitles":["Authentication System Validation","9.1 Personal Account Creation and Login"],"fullName":"Authentication System Validation 9.1 Personal Account Creation and Login should persist session across browser restarts for personal accounts","status":"failed","title":"should persist session across browser restarts for personal accounts","duration":85.50270000000091,"failureMessages":["AssertionError: expected undefined to be defined\n    at C:\\Users\\lycan-xx12\\workspace\\evault\\workspace\\src\\tests\\auth-validation.test.js:168:26\n    at processTicksAndRejections (node:internal/process/task_queues:95:5)\n    at file:///C:/Users/lycan-xx12/workspace/evault/workspace/node_modules/@vitest/runner/dist/index.js:533:5\n    at runTest (file:///C:/Users/lycan-xx12/workspace/evault/workspace/node_modules/@vitest/runner/dist/index.js:1056:11)\n    at runSuite (file:///C:/Users/lycan-xx12/workspace/evault/workspace/node_modules/@vitest/runner/dist/index.js:1205:15)\n    at runSuite (file:///C:/Users/lycan-xx12/workspace/evault/workspace/node_modules/@vitest/runner/dist/index.js:1205:15)\n    at runSuite (file:///C:/Users/lycan-xx12/workspace/evault/workspace/node_modules/@vitest/runner/dist/index.js:1205:15)\n    at runFiles (file:///C:/Users/lycan-xx12/workspace/evault/workspace/node_modules/@vitest/runner/dist/index.js:1262:5)\n    at startTests (file:///C:/Users/lycan-xx12/workspace/evault/workspace/node_modules/@vitest/runner/dist/index.js:1271:3)\n    at file:///C:/Users/lycan-xx12/workspace/evault/workspace/node_modules/vitest/dist/chunks/runBaseTests.3qpJUEJM.js:126:11"],"meta":{}},{"ancestorTitles":["Authentication System Validation","9.2 Business Account Creation and Login"],"fullName":"Authentication System Validation 9.2 Business Account Creation and Login should create business account with business-specific fields","status":"failed","title":"should create business account with business-specific fields","duration":25.07639999999992,"failureMessages":["AssertionError: expected false to be true // Object.is equality\n    at C:\\Users\\lycan-xx12\\workspace\\evault\\workspace\\src\\tests\\auth-validation.test.js:189:30\n    at processTicksAndRejections (node:internal/process/task_queues:95:5)\n    at file:///C:/Users/lycan-xx12/workspace/evault/workspace/node_modules/@vitest/runner/dist/index.js:533:5\n    at runTest (file:///C:/Users/lycan-xx12/workspace/evault/workspace/node_modules/@vitest/runner/dist/index.js:1056:11)\n    at runSuite (file:///C:/Users/lycan-xx12/workspace/evault/workspace/node_modules/@vitest/runner/dist/index.js:1205:15)\n    at runSuite (file:///C:/Users/lycan-xx12/workspace/evault/workspace/node_modules/@vitest/runner/dist/index.js:1205:15)\n    at runSuite (file:///C:/Users/lycan-xx12/workspace/evault/workspace/node_modules/@vitest/runner/dist/index.js:1205:15)\n    at runFiles (file:///C:/Users/lycan-xx12/workspace/evault/workspace/node_modules/@vitest/runner/dist/index.js:1262:5)\n    at startTests (file:///C:/Users/lycan-xx12/workspace/evault/workspace/node_modules/@vitest/runner/dist/index.js:1271:3)\n    at file:///C:/Users/lycan-xx12/workspace/evault/workspace/node_modules/vitest/dist/chunks/runBaseTests.3qpJUEJM.js:126:11"],"meta":{}},{"ancestorTitles":["Authentication System Validation","9.2 Business Account Creation and Login"],"fullName":"Authentication System Validation 9.2 Business Account Creation and Login should validate RC number and NIN storage for business accounts","status":"failed","title":"should validate RC number and NIN storage for business accounts","duration":64.83349999999882,"failureMessages":["AssertionError: expected false to be true // Object.is equality\n    at C:\\Users\\lycan-xx12\\workspace\\evault\\workspace\\src\\tests\\auth-validation.test.js:212:30\n    at processTicksAndRejections (node:internal/process/task_queues:95:5)\n    at file:///C:/Users/lycan-xx12/workspace/evault/workspace/node_modules/@vitest/runner/dist/index.js:533:5\n    at runTest (file:///C:/Users/lycan-xx12/workspace/evault/workspace/node_modules/@vitest/runner/dist/index.js:1056:11)\n    at runSuite (file:///C:/Users/lycan-xx12/workspace/evault/workspace/node_modules/@vitest/runner/dist/index.js:1205:15)\n    at runSuite (file:///C:/Users/lycan-xx12/workspace/evault/workspace/node_modules/@vitest/runner/dist/index.js:1205:15)\n    at runSuite (file:///C:/Users/lycan-xx12/workspace/evault/workspace/node_modules/@vitest/runner/dist/index.js:1205:15)\n    at runFiles (file:///C:/Users/lycan-xx12/workspace/evault/workspace/node_modules/@vitest/runner/dist/index.js:1262:5)\n    at startTests (file:///C:/Users/lycan-xx12/workspace/evault/workspace/node_modules/@vitest/runner/dist/index.js:1271:3)\n    at file:///C:/Users/lycan-xx12/workspace/evault/workspace/node_modules/vitest/dist/chunks/runBaseTests.3qpJUEJM.js:126:11"],"meta":{}},{"ancestorTitles":["Authentication System Validation","9.2 Business Account Creation and Login"],"fullName":"Authentication System Validation 9.2 Business Account Creation and Login should generate proper display name for business accounts","status":"failed","title":"should generate proper display name for business accounts","duration":177.77359999999862,"failureMessages":["AssertionError: expected false to be true // Object.is equality\n    at C:\\Users\\lycan-xx12\\workspace\\evault\\workspace\\src\\tests\\auth-validation.test.js:232:30\n    at processTicksAndRejections (node:internal/process/task_queues:95:5)\n    at file:///C:/Users/lycan-xx12/workspace/evault/workspace/node_modules/@vitest/runner/dist/index.js:533:5\n    at runTest (file:///C:/Users/lycan-xx12/workspace/evault/workspace/node_modules/@vitest/runner/dist/index.js:1056:11)\n    at runSuite (file:///C:/Users/lycan-xx12/workspace/evault/workspace/node_modules/@vitest/runner/dist/index.js:1205:15)\n    at runSuite (file:///C:/Users/lycan-xx12/workspace/evault/workspace/node_modules/@vitest/runner/dist/index.js:1205:15)\n    at runSuite (file:///C:/Users/lycan-xx12/workspace/evault/workspace/node_modules/@vitest/runner/dist/index.js:1205:15)\n    at runFiles (file:///C:/Users/lycan-xx12/workspace/evault/workspace/node_modules/@vitest/runner/dist/index.js:1262:5)\n    at startTests (file:///C:/Users/lycan-xx12/workspace/evault/workspace/node_modules/@vitest/runner/dist/index.js:1271:3)\n    at file:///C:/Users/lycan-xx12/workspace/evault/workspace/node_modules/vitest/dist/chunks/runBaseTests.3qpJUEJM.js:126:11"],"meta":{}},{"ancestorTitles":["Authentication System Validation","9.2 Business Account Creation and Login"],"fullName":"Authentication System Validation 9.2 Business Account Creation and Login should properly differentiate account types","status":"failed","title":"should properly differentiate account types","duration":114.20720000000074,"failureMessages":["TypeError: Cannot read properties of undefined (reading 'role')\n    at C:\\Users\\lycan-xx12\\workspace\\evault\\workspace\\src\\tests\\auth-validation.test.js:247:34\n    at processTicksAndRejections (node:internal/process/task_queues:95:5)\n    at file:///C:/Users/lycan-xx12/workspace/evault/workspace/node_modules/@vitest/runner/dist/index.js:533:5\n    at runTest (file:///C:/Users/lycan-xx12/workspace/evault/workspace/node_modules/@vitest/runner/dist/index.js:1056:11)\n    at runSuite (file:///C:/Users/lycan-xx12/workspace/evault/workspace/node_modules/@vitest/runner/dist/index.js:1205:15)\n    at runSuite (file:///C:/Users/lycan-xx12/workspace/evault/workspace/node_modules/@vitest/runner/dist/index.js:1205:15)\n    at runSuite (file:///C:/Users/lycan-xx12/workspace/evault/workspace/node_modules/@vitest/runner/dist/index.js:1205:15)\n    at runFiles (file:///C:/Users/lycan-xx12/workspace/evault/workspace/node_modules/@vitest/runner/dist/index.js:1262:5)\n    at startTests (file:///C:/Users/lycan-xx12/workspace/evault/workspace/node_modules/@vitest/runner/dist/index.js:1271:3)\n    at file:///C:/Users/lycan-xx12/workspace/evault/workspace/node_modules/vitest/dist/chunks/runBaseTests.3qpJUEJM.js:126:11"],"meta":{}},{"ancestorTitles":["Authentication System Validation","9.2 Business Account Creation and Login"],"fullName":"Authentication System Validation 9.2 Business Account Creation and Login should allow login with business account credentials","status":"failed","title":"should allow login with business account credentials","duration":215.86629999999968,"failureMessages":["AssertionError: expected false to be true // Object.is equality\n    at C:\\Users\\lycan-xx12\\workspace\\evault\\workspace\\src\\tests\\auth-validation.test.js:279:35\n    at processTicksAndRejections (node:internal/process/task_queues:95:5)\n    at file:///C:/Users/lycan-xx12/workspace/evault/workspace/node_modules/@vitest/runner/dist/index.js:533:5\n    at runTest (file:///C:/Users/lycan-xx12/workspace/evault/workspace/node_modules/@vitest/runner/dist/index.js:1056:11)\n    at runSuite (file:///C:/Users/lycan-xx12/workspace/evault/workspace/node_modules/@vitest/runner/dist/index.js:1205:15)\n    at runSuite (file:///C:/Users/lycan-xx12/workspace/evault/workspace/node_modules/@vitest/runner/dist/index.js:1205:15)\n    at runSuite (file:///C:/Users/lycan-xx12/workspace/evault/workspace/node_modules/@vitest/runner/dist/index.js:1205:15)\n    at runFiles (file:///C:/Users/lycan-xx12/workspace/evault/workspace/node_modules/@vitest/runner/dist/index.js:1262:5)\n    at startTests (file:///C:/Users/lycan-xx12/workspace/evault/workspace/node_modules/@vitest/runner/dist/index.js:1271:3)\n    at file:///C:/Users/lycan-xx12/workspace/evault/workspace/node_modules/vitest/dist/chunks/runBaseTests.3qpJUEJM.js:126:11"],"meta":{}},{"ancestorTitles":["Authentication System Validation","9.3 Session Management and Route Protection"],"fullName":"Authentication System Validation 9.3 Session Management and Route Protection should persist session across page refreshes","status":"failed","title":"should persist session across page refreshes","duration":80.72630000000026,"failureMessages":["TypeError: Cannot read properties of null (reading 'access_token')\n    at C:\\Users\\lycan-xx12\\workspace\\evault\\workspace\\src\\tests\\auth-validation.test.js:302:41\n    at processTicksAndRejections (node:internal/process/task_queues:95:5)\n    at file:///C:/Users/lycan-xx12/workspace/evault/workspace/node_modules/@vitest/runner/dist/index.js:533:5\n    at runTest (file:///C:/Users/lycan-xx12/workspace/evault/workspace/node_modules/@vitest/runner/dist/index.js:1056:11)\n    at runSuite (file:///C:/Users/lycan-xx12/workspace/evault/workspace/node_modules/@vitest/runner/dist/index.js:1205:15)\n    at runSuite (file:///C:/Users/lycan-xx12/workspace/evault/workspace/node_modules/@vitest/runner/dist/index.js:1205:15)\n    at runSuite (file:///C:/Users/lycan-xx12/workspace/evault/workspace/node_modules/@vitest/runner/dist/index.js:1205:15)\n    at runFiles (file:///C:/Users/lycan-xx12/workspace/evault/workspace/node_modules/@vitest/runner/dist/index.js:1262:5)\n    at startTests (file:///C:/Users/lycan-xx12/workspace/evault/workspace/node_modules/@vitest/runner/dist/index.js:1271:3)\n    at file:///C:/Users/lycan-xx12/workspace/evault/workspace/node_modules/vitest/dist/chunks/runBaseTests.3qpJUEJM.js:126:11"],"meta":{}},{"ancestorTitles":["Authentication System Validation","9.3 Session Management and Route Protection"],"fullName":"Authentication System Validation 9.3 Session Management and Route Protection should handle session expiration gracefully","status":"passed","title":"should handle session expiration gracefully","duration":88.42529999999897,"failureMessages":[],"meta":{}},{"ancestorTitles":["Authentication System Validation","9.3 Session Management and Route Protection"],"fullName":"Authentication System Validation 9.3 Session Management and Route Protection should validate session and refresh tokens automatically","status":"failed","title":"should validate session and refresh tokens automatically","duration":82.17840000000069,"failureMessages":["TypeError: Cannot read properties of null (reading 'refresh_token')\n    at C:\\Users\\lycan-xx12\\workspace\\evault\\workspace\\src\\tests\\auth-validation.test.js:347:22\n    at processTicksAndRejections (node:internal/process/task_queues:95:5)\n    at file:///C:/Users/lycan-xx12/workspace/evault/workspace/node_modules/@vitest/runner/dist/index.js:533:5\n    at runTest (file:///C:/Users/lycan-xx12/workspace/evault/workspace/node_modules/@vitest/runner/dist/index.js:1056:11)\n    at runSuite (file:///C:/Users/lycan-xx12/workspace/evault/workspace/node_modules/@vitest/runner/dist/index.js:1205:15)\n    at runSuite (file:///C:/Users/lycan-xx12/workspace/evault/workspace/node_modules/@vitest/runner/dist/index.js:1205:15)\n    at runSuite (file:///C:/Users/lycan-xx12/workspace/evault/workspace/node_modules/@vitest/runner/dist/index.js:1205:15)\n    at runFiles (file:///C:/Users/lycan-xx12/workspace/evault/workspace/node_modules/@vitest/runner/dist/index.js:1262:5)\n    at startTests (file:///C:/Users/lycan-xx12/workspace/evault/workspace/node_modules/@vitest/runner/dist/index.js:1271:3)\n    at file:///C:/Users/lycan-xx12/workspace/evault/workspace/node_modules/vitest/dist/chunks/runBaseTests.3qpJUEJM.js:126:11"],"meta":{}},{"ancestorTitles":["Authentication System Validation","9.3 Session Management and Route Protection"],"fullName":"Authentication System Validation 9.3 Session Management and Route Protection should clear session data on logout","status":"failed","title":"should clear session data on logout","duration":75.85809999999947,"failureMessages":["AssertionError: expected undefined to be defined\n    at C:\\Users\\lycan-xx12\\workspace\\evault\\workspace\\src\\tests\\auth-validation.test.js:362:44\n    at file:///C:/Users/lycan-xx12/workspace/evault/workspace/node_modules/@vitest/runner/dist/index.js:146:14\n    at file:///C:/Users/lycan-xx12/workspace/evault/workspace/node_modules/@vitest/runner/dist/index.js:533:11\n    at runWithTimeout (file:///C:/Users/lycan-xx12/workspace/evault/workspace/node_modules/@vitest/runner/dist/index.js:39:7)\n    at runTest (file:///C:/Users/lycan-xx12/workspace/evault/workspace/node_modules/@vitest/runner/dist/index.js:1056:17)\n    at processTicksAndRejections (node:internal/process/task_queues:95:5)\n    at runSuite (file:///C:/Users/lycan-xx12/workspace/evault/workspace/node_modules/@vitest/runner/dist/index.js:1205:15)\n    at runSuite (file:///C:/Users/lycan-xx12/workspace/evault/workspace/node_modules/@vitest/runner/dist/index.js:1205:15)\n    at runSuite (file:///C:/Users/lycan-xx12/workspace/evault/workspace/node_modules/@vitest/runner/dist/index.js:1205:15)\n    at runFiles (file:///C:/Users/lycan-xx12/workspace/evault/workspace/node_modules/@vitest/runner/dist/index.js:1262:5)"],"meta":{}},{"ancestorTitles":["Authentication System Validation","9.3 Session Management and Route Protection"],"fullName":"Authentication System Validation 9.3 Session Management and Route Protection should handle concurrent session management","status":"failed","title":"should handle concurrent session management","duration":52.044299999999566,"failureMessages":["AssertionError: expected false to be true // Object.is equality\n    at C:\\Users\\lycan-xx12\\workspace\\evault\\workspace\\src\\tests\\auth-validation.test.js:395:32\n    at Array.forEach (<anonymous>)\n    at C:\\Users\\lycan-xx12\\workspace\\evault\\workspace\\src\\tests\\auth-validation.test.js:394:15\n    at processTicksAndRejections (node:internal/process/task_queues:95:5)\n    at file:///C:/Users/lycan-xx12/workspace/evault/workspace/node_modules/@vitest/runner/dist/index.js:533:5\n    at runTest (file:///C:/Users/lycan-xx12/workspace/evault/workspace/node_modules/@vitest/runner/dist/index.js:1056:11)\n    at runSuite (file:///C:/Users/lycan-xx12/workspace/evault/workspace/node_modules/@vitest/runner/dist/index.js:1205:15)\n    at runSuite (file:///C:/Users/lycan-xx12/workspace/evault/workspace/node_modules/@vitest/runner/dist/index.js:1205:15)\n    at runSuite (file:///C:/Users/lycan-xx12/workspace/evault/workspace/node_modules/@vitest/runner/dist/index.js:1205:15)\n    at runFiles (file:///C:/Users/lycan-xx12/workspace/evault/workspace/node_modules/@vitest/runner/dist/index.js:1262:5)"],"meta":{}},{"ancestorTitles":["Authentication System Validation","9.3 Session Management and Route Protection"],"fullName":"Authentication System Validation 9.3 Session Management and Route Protection should maintain session across browser tabs","status":"failed","title":"should maintain session across browser tabs","duration":95.95929999999862,"failureMessages":["AssertionError: expected false to be true // Object.is equality\n    at C:\\Users\\lycan-xx12\\workspace\\evault\\workspace\\src\\tests\\auth-validation.test.js:415:46\n    at processTicksAndRejections (node:internal/process/task_queues:95:5)\n    at file:///C:/Users/lycan-xx12/workspace/evault/workspace/node_modules/@vitest/runner/dist/index.js:533:5\n    at runTest (file:///C:/Users/lycan-xx12/workspace/evault/workspace/node_modules/@vitest/runner/dist/index.js:1056:11)\n    at runSuite (file:///C:/Users/lycan-xx12/workspace/evault/workspace/node_modules/@vitest/runner/dist/index.js:1205:15)\n    at runSuite (file:///C:/Users/lycan-xx12/workspace/evault/workspace/node_modules/@vitest/runner/dist/index.js:1205:15)\n    at runSuite (file:///C:/Users/lycan-xx12/workspace/evault/workspace/node_modules/@vitest/runner/dist/index.js:1205:15)\n    at runFiles (file:///C:/Users/lycan-xx12/workspace/evault/workspace/node_modules/@vitest/runner/dist/index.js:1262:5)\n    at startTests (file:///C:/Users/lycan-xx12/workspace/evault/workspace/node_modules/@vitest/runner/dist/index.js:1271:3)\n    at file:///C:/Users/lycan-xx12/workspace/evault/workspace/node_modules/vitest/dist/chunks/runBaseTests.3qpJUEJM.js:126:11"],"meta":{}},{"ancestorTitles":["Authentication System Validation","Integration Tests"],"fullName":"Authentication System Validation Integration Tests should handle complete user journey from signup to dashboard access","status":"failed","title":"should handle complete user journey from signup to dashboard access","duration":52.317300000000614,"failureMessages":["AssertionError: expected false to be true // Object.is equality\n    at C:\\Users\\lycan-xx12\\workspace\\evault\\workspace\\src\\tests\\auth-validation.test.js:428:36\n    at processTicksAndRejections (node:internal/process/task_queues:95:5)\n    at file:///C:/Users/lycan-xx12/workspace/evault/workspace/node_modules/@vitest/runner/dist/index.js:533:5\n    at runTest (file:///C:/Users/lycan-xx12/workspace/evault/workspace/node_modules/@vitest/runner/dist/index.js:1056:11)\n    at runSuite (file:///C:/Users/lycan-xx12/workspace/evault/workspace/node_modules/@vitest/runner/dist/index.js:1205:15)\n    at runSuite (file:///C:/Users/lycan-xx12/workspace/evault/workspace/node_modules/@vitest/runner/dist/index.js:1205:15)\n    at runSuite (file:///C:/Users/lycan-xx12/workspace/evault/workspace/node_modules/@vitest/runner/dist/index.js:1205:15)\n    at runFiles (file:///C:/Users/lycan-xx12/workspace/evault/workspace/node_modules/@vitest/runner/dist/index.js:1262:5)\n    at startTests (file:///C:/Users/lycan-xx12/workspace/evault/workspace/node_modules/@vitest/runner/dist/index.js:1271:3)\n    at file:///C:/Users/lycan-xx12/workspace/evault/workspace/node_modules/vitest/dist/chunks/runBaseTests.3qpJUEJM.js:126:11"],"meta":{}},{"ancestorTitles":["Authentication System Validation","Integration Tests"],"fullName":"Authentication System Validation Integration Tests should handle error scenarios gracefully","status":"failed","title":"should handle error scenarios gracefully","duration":38.260199999998804,"failureMessages":["AssertionError: the given combination of arguments (undefined and string) is invalid for this assertion. You can use an array, a map, an object, a set, a string, or a weakset instead of a string\n    at Proxy.<anonymous> (file:///C:/Users/lycan-xx12/workspace/evault/workspace/node_modules/@vitest/expect/dist/index.js:1196:17)\n    at Proxy.<anonymous> (file:///C:/Users/lycan-xx12/workspace/evault/workspace/node_modules/@vitest/expect/dist/index.js:972:17)\n    at Proxy.methodWrapper (file:///C:/Users/lycan-xx12/workspace/evault/workspace/node_modules/chai/index.js:1686:25)\n    at C:\\Users\\lycan-xx12\\workspace\\evault\\workspace\\src\\tests\\auth-validation.test.js:465:40\n    at processTicksAndRejections (node:internal/process/task_queues:95:5)\n    at file:///C:/Users/lycan-xx12/workspace/evault/workspace/node_modules/@vitest/runner/dist/index.js:533:5\n    at runTest (file:///C:/Users/lycan-xx12/workspace/evault/workspace/node_modules/@vitest/runner/dist/index.js:1056:11)\n    at runSuite (file:///C:/Users/lycan-xx12/workspace/evault/workspace/node_modules/@vitest/runner/dist/index.js:1205:15)\n    at runSuite (file:///C:/Users/lycan-xx12/workspace/evault/workspace/node_modules/@vitest/runner/dist/index.js:1205:15)\n    at runSuite (file:///C:/Users/lycan-xx12/workspace/evault/workspace/node_modules/@vitest/runner/dist/index.js:1205:15)"],"meta":{}}],"startTime":1756318393721,"endTime":1756318395670.2603,"status":"failed","message":"","name":"C:/Users/lycan-xx12/workspace/evault/workspace/src/tests/auth-validation.test.js"}]}